<?xml version="1.0" encoding="UTF-8"?>
<!-- Generated by org.testng.reporters.JUnitReportReporter -->
<testsuite hostname="DESKTOP-L27AKFV" failures="0" tests="1" name="com.webdriver.ToolTipDemo" time="15.458" errors="0" timestamp="2021-07-24T23:13:07 IST" skipped="0">
  <testcase classname="com.webdriver.ToolTipDemo" name="Test" time="15.458"/>
  <system-out/>
</testsuite> <!-- com.webdriver.ToolTipDemo -->
