<?xml version="1.0" encoding="UTF-8"?>
<!-- Generated by org.testng.reporters.JUnitReportReporter -->
<testsuite hostname="DESKTOP-L27AKFV" failures="0" tests="1" name="com.webdriver.WindowDemo" time="6.240" errors="0" timestamp="2021-07-21T14:44:32 IST" skipped="0">
  <testcase classname="com.webdriver.WindowDemo" name="OpenHomepage" time="6.240"/>
  <system-out/>
</testsuite> <!-- com.webdriver.WindowDemo -->
