<?xml version="1.0" encoding="UTF-8"?>
<!-- Generated by org.testng.reporters.JUnitReportReporter -->
<testsuite hostname="DESKTOP-L27AKFV" failures="0" tests="1" name="cookies.Addcookie" time="8.747" errors="0" timestamp="2021-07-26T09:27:12 IST" skipped="0">
  <testcase classname="cookies.Addcookie" name="test" time="8.747"/>
  <system-out/>
</testsuite> <!-- cookies.Addcookie -->
