<?xml version="1.0" encoding="UTF-8"?>
<!-- Generated by org.testng.reporters.JUnitReportReporter -->
<testsuite hostname="DESKTOP-L27AKFV" failures="0" tests="1" name="com.webdriver.HyperlinkDemo" time="8.453" errors="0" timestamp="2021-07-20T14:13:03 IST" skipped="0">
  <testcase classname="com.webdriver.HyperlinkDemo" name="Script1" time="8.453"/>
  <system-out/>
</testsuite> <!-- com.webdriver.HyperlinkDemo -->
