<?xml version="1.0" encoding="UTF-8"?>
<!-- Generated by org.testng.reporters.JUnitReportReporter -->
<testsuite hostname="DESKTOP-L27AKFV" failures="0" tests="1" name="com.webdriver.MouseOver" time="8.778" errors="0" timestamp="2021-07-21T20:55:30 IST" skipped="0">
  <testcase classname="com.webdriver.MouseOver" name="Script1" time="8.778"/>
  <system-out/>
</testsuite> <!-- com.webdriver.MouseOver -->
