<?xml version="1.0" encoding="UTF-8"?>
<!-- Generated by org.testng.reporters.JUnitReportReporter -->
<testsuite hostname="DESKTOP-L27AKFV" failures="0" tests="1" name="com.webdriver.ButtonDemo" time="3.532" errors="0" timestamp="2021-07-19T14:50:09 IST" skipped="0">
  <testcase classname="com.webdriver.ButtonDemo" name="Test" time="3.532"/>
  <system-out/>
</testsuite> <!-- com.webdriver.ButtonDemo -->
