<?xml version="1.0" encoding="UTF-8"?>
<!-- Generated by org.testng.reporters.JUnitReportReporter -->
<testsuite hostname="DESKTOP-L27AKFV" failures="0" tests="1" name="com.webdriver.IframeDemo" time="17.182" errors="0" timestamp="2021-07-22T15:34:29 IST" skipped="0">
  <testcase classname="com.webdriver.IframeDemo" name="test" time="17.182"/>
  <system-out/>
</testsuite> <!-- com.webdriver.IframeDemo -->
