<?xml version="1.0" encoding="UTF-8"?>
<!-- Generated by org.testng.reporters.JUnitReportReporter -->
<testsuite hostname="DESKTOP-L27AKFV" failures="0" tests="1" name="elements.Attribute" time="10.302" errors="0" timestamp="2021-07-21T19:39:26 IST" skipped="0">
  <testcase classname="elements.Attribute" name="test" time="10.302"/>
  <system-out/>
</testsuite> <!-- elements.Attribute -->
