<?xml version="1.0" encoding="UTF-8"?>
<!-- Generated by org.testng.reporters.JUnitReportReporter -->
<testsuite hostname="DESKTOP-L27AKFV" failures="0" tests="2" name="com.webdriver.DragAndDrop" time="5.374" errors="0" timestamp="2021-07-20T10:08:55 IST" skipped="1">
  <testcase classname="com.webdriver.DragAndDrop" name="draggable" time="5.374"/>
  <system-out/>
  <testcase classname="com.webdriver.DragAndDrop" name="droppable">
    <skipped/>
  </testcase> <!-- droppable -->
  <system-out/>
</testsuite> <!-- com.webdriver.DragAndDrop -->
