<?xml version="1.0" encoding="UTF-8"?>
<!-- Generated by org.testng.reporters.JUnitReportReporter -->
<testsuite hostname="DESKTOP-L27AKFV" failures="0" tests="1" name="com.webdriver.WaitCommandDemo" time="9.735" errors="0" timestamp="2021-07-19T14:39:06 IST" skipped="0">
  <testcase classname="com.webdriver.WaitCommandDemo" name="Script" time="9.735"/>
  <system-out/>
</testsuite> <!-- com.webdriver.WaitCommandDemo -->
