<?xml version="1.0" encoding="UTF-8"?>
<!-- Generated by org.testng.reporters.JUnitReportReporter -->
<testsuite hostname="DESKTOP-L27AKFV" failures="0" tests="1" name="com.webdriver.CheckBoxDemo" time="9.603" errors="0" timestamp="2021-07-19T14:53:45 IST" skipped="0">
  <testcase classname="com.webdriver.CheckBoxDemo" name="Script1" time="9.603"/>
  <system-out/>
</testsuite> <!-- com.webdriver.CheckBoxDemo -->
