<?xml version="1.0" encoding="UTF-8"?>
<!-- Generated by org.testng.reporters.JUnitReportReporter -->
<testsuite hostname="DESKTOP-L27AKFV" failures="0" tests="1" name="com.jscript.ScrollingDemo" time="8.788" errors="0" timestamp="2021-07-23T12:08:54 IST" skipped="0">
  <testcase classname="com.jscript.ScrollingDemo" name="Test" time="8.788"/>
  <system-out/>
</testsuite> <!-- com.jscript.ScrollingDemo -->
