<?xml version="1.0" encoding="UTF-8"?>
<!-- Generated by org.testng.reporters.JUnitReportReporter -->
<testsuite hostname="DESKTOP-L27AKFV" failures="0" tests="1" name="com.webdriver.DownloadFile" time="4.057" errors="0" timestamp="2021-07-26T11:31:28 IST" skipped="0">
  <testcase classname="com.webdriver.DownloadFile" name="test" time="4.057"/>
  <system-out/>
</testsuite> <!-- com.webdriver.DownloadFile -->
