<?xml version="1.0" encoding="UTF-8"?>
<!-- Generated by org.testng.reporters.JUnitReportReporter -->
<testsuite hostname="DESKTOP-L27AKFV" failures="0" tests="1" name="com.webdriver.ToolTipDemo1" time="10.969" errors="0" timestamp="2021-07-25T13:59:23 IST" skipped="0">
  <testcase classname="com.webdriver.ToolTipDemo1" name="tooltip" time="10.969"/>
  <system-out/>
</testsuite> <!-- com.webdriver.ToolTipDemo1 -->
