<?xml version="1.0" encoding="UTF-8"?>
<!-- Generated by org.testng.reporters.JUnitReportReporter -->
<testsuite hostname="DESKTOP-L27AKFV" failures="0" tests="1" name="com.webdriver.UnOrderListDemo" time="27.156" errors="0" timestamp="2021-07-21T14:46:32 IST" skipped="0">
  <testcase classname="com.webdriver.UnOrderListDemo" name="Script" time="27.156"/>
  <system-out/>
</testsuite> <!-- com.webdriver.UnOrderListDemo -->
