<?xml version="1.0" encoding="UTF-8"?>
<!-- Generated by org.testng.reporters.JUnitReportReporter -->
<testsuite hostname="DESKTOP-L27AKFV" failures="0" tests="1" name="com.webdriver.Edit" time="5.895" errors="0" timestamp="2021-07-19T14:56:06 IST" skipped="0">
  <testcase classname="com.webdriver.Edit" name="Script1" time="5.895"/>
  <system-out/>
</testsuite> <!-- com.webdriver.Edit -->
