<?xml version="1.0" encoding="UTF-8"?>
<!-- Generated by org.testng.reporters.JUnitReportReporter -->
<testsuite hostname="DESKTOP-L27AKFV" failures="0" tests="1" name="com.webdriver.DropdownDemo" time="5.154" errors="0" timestamp="2021-07-20T15:55:10 IST" skipped="0">
  <testcase classname="com.webdriver.DropdownDemo" name="Script1" time="5.154"/>
  <system-out/>
</testsuite> <!-- com.webdriver.DropdownDemo -->
