<?xml version="1.0" encoding="UTF-8"?>
<!-- Generated by org.testng.reporters.JUnitReportReporter -->
<testsuite hostname="DESKTOP-L27AKFV" failures="0" tests="1" name="functionality.login" time="12.065" errors="0" timestamp="2021-07-23T12:05:59 IST" skipped="0">
  <testcase classname="functionality.login" name="test" time="12.065"/>
  <system-out/>
</testsuite> <!-- functionality.login -->
