<?xml version="1.0" encoding="UTF-8"?>
<!-- Generated by org.testng.reporters.JUnitReportReporter -->
<testsuite hostname="DESKTOP-L27AKFV" failures="0" tests="1" name="com.webdriver.ScreenshotDemo" time="6.255" errors="0" timestamp="2021-07-21T09:49:58 IST" skipped="0">
  <testcase classname="com.webdriver.ScreenshotDemo" name="test" time="6.255"/>
  <system-out/>
</testsuite> <!-- com.webdriver.ScreenshotDemo -->
