<?xml version="1.0" encoding="UTF-8"?>
<!-- Generated by org.testng.reporters.JUnitReportReporter -->
<testsuite hostname="DESKTOP-L27AKFV" failures="0" tests="1" name="runner.Run1" time="0.123" errors="0" timestamp="2021-07-27T10:45:38 IST" skipped="0">
  <testcase classname="runner.Run1" name="runScenario" time="0.123"/>
  <system-out/>
</testsuite> <!-- runner.Run1 -->
