<?xml version="1.0" encoding="UTF-8"?>
<!-- Generated by org.testng.reporters.JUnitReportReporter -->
<testsuite hostname="DESKTOP-L27AKFV" failures="0" tests="1" name="com.webdriver.WindowHandelDemo" time="5.852" errors="0" timestamp="2021-07-19T16:44:10 IST" skipped="0">
  <testcase classname="com.webdriver.WindowHandelDemo" name="Script1" time="5.852"/>
  <system-out/>
</testsuite> <!-- com.webdriver.WindowHandelDemo -->
