<?xml version="1.0" encoding="UTF-8"?>
<!-- Generated by org.testng.reporters.JUnitReportReporter -->
<testsuite hostname="DESKTOP-L27AKFV" failures="0" tests="1" name="com.webdriver.CookiesExample" time="6.731" errors="0" timestamp="2021-07-25T20:01:22 IST" skipped="0">
  <testcase classname="com.webdriver.CookiesExample" name="script" time="6.731"/>
  <system-out/>
</testsuite> <!-- com.webdriver.CookiesExample -->
