<?xml version="1.0" encoding="UTF-8"?>
<!-- Generated by org.testng.reporters.JUnitReportReporter -->
<testsuite hostname="DESKTOP-L27AKFV" failures="0" tests="1" name="com.webdriver.FluentWaitDemo" time="8.956" errors="0" timestamp="2021-07-19T14:34:26 IST" skipped="0">
  <testcase classname="com.webdriver.FluentWaitDemo" name="test1" time="8.956"/>
  <system-out/>
</testsuite> <!-- com.webdriver.FluentWaitDemo -->
