<?xml version="1.0" encoding="UTF-8"?>
<!-- Generated by org.testng.reporters.JUnitReportReporter -->
<testsuite hostname="DESKTOP-L27AKFV" failures="0" tests="1" name="cookies.DeleteCookie" time="6.674" errors="0" timestamp="2021-07-26T09:49:15 IST" skipped="0">
  <testcase classname="cookies.DeleteCookie" name="test" time="6.674"/>
  <system-out/>
</testsuite> <!-- cookies.DeleteCookie -->
