<?xml version="1.0" encoding="UTF-8"?>
<!-- Generated by org.testng.reporters.JUnitReportReporter -->
<testsuite hostname="DESKTOP-L27AKFV" failures="0" tests="3" name="com.webdriver.WindowhandleDemo" time="4.314" errors="0" timestamp="2021-07-19T22:18:03 IST" skipped="2">
  <testcase classname="com.webdriver.WindowhandleDemo" name="do_not_close_me" time="4.314"/>
  <system-out/>
  <testcase classname="com.webdriver.WindowhandleDemo" name="Open_multiple_window">
    <skipped/>
  </testcase> <!-- Open_multiple_window -->
  <system-out/>
  <testcase classname="com.webdriver.WindowhandleDemo" name="OpenHomepage">
    <skipped/>
  </testcase> <!-- OpenHomepage -->
  <system-out/>
</testsuite> <!-- com.webdriver.WindowhandleDemo -->
