<?xml version="1.0" encoding="UTF-8"?>
<!-- Generated by org.testng.reporters.JUnitReportReporter -->
<testsuite hostname="DESKTOP-L27AKFV" failures="0" tests="1" name="functionality.Login_pom" time="11.345" errors="0" timestamp="2021-07-23T12:04:17 IST" skipped="0">
  <testcase classname="functionality.Login_pom" name="test" time="11.345"/>
  <system-out/>
</testsuite> <!-- functionality.Login_pom -->
