<?xml version="1.0" encoding="UTF-8"?>
<!-- Generated by org.testng.reporters.JUnitReportReporter -->
<testsuite hostname="DESKTOP-L27AKFV" failures="0" tests="1" name="com.webdriver.SelectableDemo" time="20.484" errors="0" timestamp="2021-07-26T00:00:36 IST" skipped="0">
  <testcase classname="com.webdriver.SelectableDemo" name="orderlist" time="20.484"/>
  <system-out/>
</testsuite> <!-- com.webdriver.SelectableDemo -->
