<?xml version="1.0" encoding="UTF-8"?>
<!-- Generated by org.testng.reporters.JUnitReportReporter -->
<testsuite hostname="DESKTOP-L27AKFV" failures="0" tests="1" name="com.webdriver.NavigateDemo" time="19.506" errors="0" timestamp="2021-07-19T10:19:30 IST" skipped="0">
  <testcase classname="com.webdriver.NavigateDemo" name="test" time="19.506"/>
  <system-out/>
</testsuite> <!-- com.webdriver.NavigateDemo -->
