<?xml version="1.0" encoding="UTF-8"?>
<!-- Generated by org.testng.reporters.JUnitReportReporter -->
<testsuite hostname="DESKTOP-L27AKFV" failures="0" tests="1" name="com.webdriver.AlertDemo" time="7.954" errors="0" timestamp="2021-07-19T14:48:23 IST" skipped="0">
  <testcase classname="com.webdriver.AlertDemo" name="test" time="7.954"/>
  <system-out/>
</testsuite> <!-- com.webdriver.AlertDemo -->
